# JRE version: OpenJDK Runtime Environment (11.0.10) (build 11.0.10+0-b96-7249189)
# Java VM: OpenJDK 64-Bit Server VM (11.0.10+0-b96-7249189, mixed mode, tiered, compressed oops, g1 gc, windows-amd64)
Heap:
 garbage-first heap   total 1105920K, used 330472K [0x0000000080000000, 0x0000000100000000)
  region size 1024K, 3 young (3072K), 3 survivors (3072K)
 Metaspace       used 204807K, capacity 210728K, committed 214220K, reserved 1234944K
  class space    used 25322K, capacity 27533K, committed 28364K, reserved 1048576K
GC Heap History (20 events):
Event: 4485.578 GC heap after
{Heap after GC invocations=269 (full 4):
 garbage-first heap   total 444416K, used 277641K [0x0000000080000000, 0x0000000100000000)
  region size 1024K, 3 young (3072K), 3 survivors (3072K)
 Metaspace       used 204728K, capacity 210648K, committed 214220K, reserved 1234944K
  class space    used 25321K, capacity 27533K, committed 28364K, reserved 1048576K
}
Event: 4485.757 GC heap before
{Heap before GC invocations=269 (full 4):
 garbage-first heap   total 444416K, used 295049K [0x0000000080000000, 0x0000000100000000)
  region size 1024K, 21 young (21504K), 3 survivors (3072K)
 Metaspace       used 204729K, capacity 210648K, committed 214220K, reserved 1234944K
  class space    used 25321K, capacity 27533K, committed 28364K, reserved 1048576K
}
Event: 4485.821 GC heap after
{Heap after GC invocations=270 (full 4):
 garbage-first heap   total 444416K, used 288362K [0x0000000080000000, 0x0000000100000000)
  region size 1024K, 3 young (3072K), 3 survivors (3072K)
 Metaspace       used 204729K, capacity 210648K, committed 214220K, reserved 1234944K
  class space    used 25321K, capacity 27533K, committed 28364K, reserved 1048576K
}
Event: 4486.100 GC heap before
{Heap before GC invocations=270 (full 4):
 garbage-first heap   total 444416K, used 306794K [0x0000000080000000, 0x0000000100000000)
  region size 1024K, 21 young (21504K), 3 survivors (3072K)
 Metaspace       used 204729K, capacity 210648K, committed 214220K, reserved 1234944K
  class space    used 25321K, capacity 27533K, committed 28364K, reserved 1048576K
}
Event: 4486.172 GC heap after
{Heap after GC invocations=271 (full 4):
 garbage-first heap   total 444416K, used 299113K [0x0000000080000000, 0x0000000100000000)
  region size 1024K, 3 young (3072K), 3 survivors (3072K)
 Metaspace       used 204729K, capacity 210648K, committed 214220K, reserved 1234944K
  class space    used 25321K, capacity 27533K, committed 28364K, reserved 1048576K
}
Event: 4486.403 GC heap before
{Heap before GC invocations=271 (full 4):
 garbage-first heap   total 444416K, used 319593K [0x0000000080000000, 0x0000000100000000)
  region size 1024K, 23 young (23552K), 3 survivors (3072K)
 Metaspace       used 204735K, capacity 210648K, committed 214220K, reserved 1234944K
  class space    used 25321K, capacity 27533K, committed 28364K, reserved 1048576K
}
Event: 4486.473 GC heap after
{Heap after GC invocations=272 (full 4):
 garbage-first heap   total 444416K, used 310842K [0x0000000080000000, 0x0000000100000000)
  region size 1024K, 3 young (3072K), 3 survivors (3072K)
 Metaspace       used 204735K, capacity 210648K, committed 214220K, reserved 1234944K
  class space    used 25321K, capacity 27533K, committed 28364K, reserved 1048576K
}
Event: 4486.717 GC heap before
{Heap before GC invocations=272 (full 4):
 garbage-first heap   total 444416K, used 336442K [0x0000000080000000, 0x0000000100000000)
  region size 1024K, 28 young (28672K), 3 survivors (3072K)
 Metaspace       used 204736K, capacity 210648K, committed 214220K, reserved 1234944K
  class space    used 25321K, capacity 27533K, committed 28364K, reserved 1048576K
}
Event: 4486.782 GC heap after
{Heap after GC invocations=273 (full 4):
 garbage-first heap   total 444416K, used 324743K [0x0000000080000000, 0x0000000100000000)
  region size 1024K, 4 young (4096K), 4 survivors (4096K)
 Metaspace       used 204736K, capacity 210648K, committed 214220K, reserved 1234944K
  class space    used 25321K, capacity 27533K, committed 28364K, reserved 1048576K
}
Event: 4487.491 GC heap before
{Heap before GC invocations=273 (full 4):
 garbage-first heap   total 444416K, used 352391K [0x0000000080000000, 0x0000000100000000)
  region size 1024K, 32 young (32768K), 4 survivors (4096K)
 Metaspace       used 204747K, capacity 210650K, committed 214220K, reserved 1234944K
  class space    used 25322K, capacity 27533K, committed 28364K, reserved 1048576K
}
Event: 4487.801 GC heap after
{Heap after GC invocations=274 (full 4):
 garbage-first heap   total 444416K, used 337033K [0x0000000080000000, 0x0000000100000000)
  region size 1024K, 4 young (4096K), 4 survivors (4096K)
 Metaspace       used 204747K, capacity 210650K, committed 214220K, reserved 1234944K
  class space    used 25322K, capacity 27533K, committed 28364K, reserved 1048576K
}
Event: 4488.721 GC heap before
{Heap before GC invocations=274 (full 4):
 garbage-first heap   total 444416K, used 361609K [0x0000000080000000, 0x0000000100000000)
  region size 1024K, 29 young (29696K), 4 survivors (4096K)
 Metaspace       used 204789K, capacity 210721K, committed 214220K, reserved 1234944K
  class space    used 25322K, capacity 27533K, committed 28364K, reserved 1048576K
}
Event: 4488.765 GC heap after
{Heap after GC invocations=275 (full 4):
 garbage-first heap   total 444416K, used 341915K [0x0000000080000000, 0x0000000100000000)
  region size 1024K, 4 young (4096K), 4 survivors (4096K)
 Metaspace       used 204789K, capacity 210721K, committed 214220K, reserved 1234944K
  class space    used 25322K, capacity 27533K, committed 28364K, reserved 1048576K
}
Event: 4490.097 GC heap before
{Heap before GC invocations=275 (full 4):
 garbage-first heap   total 444416K, used 366491K [0x0000000080000000, 0x0000000100000000)
  region size 1024K, 29 young (29696K), 4 survivors (4096K)
 Metaspace       used 204802K, capacity 210728K, committed 214220K, reserved 1234944K
  class space    used 25322K, capacity 27533K, committed 28364K, reserved 1048576K
}
Event: 4490.216 GC heap after
{Heap after GC invocations=276 (full 4):
 garbage-first heap   total 444416K, used 344822K [0x0000000080000000, 0x0000000100000000)
  region size 1024K, 4 young (4096K), 4 survivors (4096K)
 Metaspace       used 204802K, capacity 210728K, committed 214220K, reserved 1234944K
  class space    used 25322K, capacity 27533K, committed 28364K, reserved 1048576K
}
Event: 4490.496 GC heap before
{Heap before GC invocations=276 (full 4):
 garbage-first heap   total 444416K, used 369398K [0x0000000080000000, 0x0000000100000000)
  region size 1024K, 29 young (29696K), 4 survivors (4096K)
 Metaspace       used 204802K, capacity 210728K, committed 214220K, reserved 1234944K
  class space    used 25322K, capacity 27533K, committed 28364K, reserved 1048576K
}
Event: 4490.525 GC heap after
{Heap after GC invocations=277 (full 4):
 garbage-first heap   total 444416K, used 347456K [0x0000000080000000, 0x0000000100000000)
  region size 1024K, 3 young (3072K), 3 survivors (3072K)
 Metaspace       used 204802K, capacity 210728K, committed 214220K, reserved 1234944K
  class space    used 25322K, capacity 27533K, committed 28364K, reserved 1048576K
}
Event: 4492.542 GC heap before
{Heap before GC invocations=277 (full 4):
 garbage-first heap   total 444416K, used 347456K [0x0000000080000000, 0x0000000100000000)
  region size 1024K, 29 young (29696K), 3 survivors (3072K)
 Metaspace       used 204805K, capacity 210728K, committed 214220K, reserved 1234944K
  class space    used 25322K, capacity 27533K, committed 28364K, reserved 1048576K
}
Event: 4494.388 GC heap after
{Heap after GC invocations=278 (full 4):
 garbage-first heap   total 444416K, used 324229K [0x0000000080000000, 0x0000000100000000)
  region size 1024K, 4 young (4096K), 4 survivors (4096K)
 Metaspace       used 204805K, capacity 210728K, committed 214220K, reserved 1234944K
  class space    used 25322K, capacity 27533K, committed 28364K, reserved 1048576K
}
Event: 4495.775 GC heap before
{Heap before GC invocations=278 (full 4):
 garbage-first heap   total 444416K, used 346757K [0x0000000080000000, 0x0000000100000000)
  region size 1024K, 21 young (21504K), 4 survivors (4096K)
 Metaspace       used 204807K, capacity 210728K, committed 214220K, reserved 1234944K
  class space    used 25322K, capacity 27533K, committed 28364K, reserved 1048576K
}

